<?xml version="1.0" encoding="UTF-8"?>
<!-- Generated by org.testng.reporters.JUnitXMLReporter -->
<testsuite ignored="0" hostname="DESKTOP-6GFANEB" failures="1" tests="1" name="Test" time="18.223" errors="0" timestamp="2024-03-11T19:40:48 IST">
  <testcase classname="Tests.submitOrderTest" name="SubmitOrderTest" time="0.0">
    <failure type="org.testng.TestNGException" message="
Method public void Tests.submitOrderTest.SubmitOrderTest(java.lang.String,java.lang.String,java.lang.String) throws java.lang.InterruptedException requires a @DataProvider named : getData">
      <![CDATA[org.testng.TestNGException: 
Method public void Tests.submitOrderTest.SubmitOrderTest(java.lang.String,java.lang.String,java.lang.String) throws java.lang.InterruptedException requires a @DataProvider named : getData
at java.base/java.util.ArrayList.forEach(ArrayList.java:1511)
at java.base/java.util.concurrent.FutureTask.run(FutureTask.java:264)
at java.base/java.util.concurrent.ThreadPoolExecutor.runWorker(ThreadPoolExecutor.java:1136)
at java.base/java.util.concurrent.ThreadPoolExecutor$Worker.run(ThreadPoolExecutor.java:635)
at java.base/java.lang.Thread.run(Thread.java:833)
... Removed 15 stack frames]]>
    </failure>
  </testcase> <!-- SubmitOrderTest -->
</testsuite> <!-- Test -->
